/*C415*/SET SCHEMA PUBLIC
drop table event if exists
create table event (event_id varchar(255) not null, alert boolean not null, event_duration bigint not null, host varchar(255), type varchar(255), primary key (event_id))
DISCONNECT
/*C416*/SET SCHEMA PUBLIC
DISCONNECT
/*C417*/SET SCHEMA PUBLIC
DISCONNECT
/*C418*/SET SCHEMA PUBLIC
DISCONNECT
/*C419*/SET SCHEMA PUBLIC
DISCONNECT
/*C420*/SET SCHEMA PUBLIC
DISCONNECT
/*C421*/SET SCHEMA PUBLIC
DISCONNECT
/*C422*/SET SCHEMA PUBLIC
DISCONNECT
/*C423*/SET SCHEMA PUBLIC
DISCONNECT
/*C424*/SET SCHEMA PUBLIC
DISCONNECT
/*C425*/SET SCHEMA PUBLIC
drop table event if exists
create table event (event_id varchar(255) not null, alert boolean not null, event_duration bigint not null, host varchar(255), type varchar(255), primary key (event_id))
DISCONNECT
/*C426*/SET SCHEMA PUBLIC
DISCONNECT
/*C427*/SET SCHEMA PUBLIC
DISCONNECT
/*C428*/SET SCHEMA PUBLIC
DISCONNECT
/*C429*/SET SCHEMA PUBLIC
DISCONNECT
/*C430*/SET SCHEMA PUBLIC
DISCONNECT
/*C431*/SET SCHEMA PUBLIC
DISCONNECT
/*C432*/SET SCHEMA PUBLIC
DISCONNECT
/*C433*/SET SCHEMA PUBLIC
DISCONNECT
/*C434*/SET SCHEMA PUBLIC
DISCONNECT
/*C435*/SET SCHEMA PUBLIC
drop table event if exists
create table event (event_id varchar(255) not null, alert boolean not null, event_duration bigint not null, host varchar(255), type varchar(255), primary key (event_id))
/*C436*/SET SCHEMA PUBLIC
INSERT INTO EVENT VALUES('scsmbstgrb',FALSE,3,NULL,NULL)
COMMIT
/*C435*/INSERT INTO EVENT VALUES('scsmbstgra',TRUE,5,'12345','APPLICATION_LOG')
COMMIT
/*C437*/SET SCHEMA PUBLIC
INSERT INTO EVENT VALUES('scsmbstgrc',TRUE,8,NULL,NULL)
COMMIT
/*C435*/DISCONNECT
/*C436*/DISCONNECT
/*C437*/DISCONNECT
/*C438*/SET SCHEMA PUBLIC
DISCONNECT
/*C439*/SET SCHEMA PUBLIC
DISCONNECT
/*C440*/SET SCHEMA PUBLIC
DISCONNECT
/*C441*/SET SCHEMA PUBLIC
DISCONNECT
/*C442*/SET SCHEMA PUBLIC
DISCONNECT
/*C443*/SET SCHEMA PUBLIC
DISCONNECT
/*C444*/SET SCHEMA PUBLIC
DISCONNECT
/*C445*/SET SCHEMA PUBLIC
drop table event if exists
create table event (event_id varchar(255) not null, alert boolean not null, event_duration bigint not null, host varchar(255), type varchar(255), primary key (event_id))
INSERT INTO EVENT VALUES('scsmbstgrb',FALSE,3,NULL,NULL)
COMMIT
/*C447*/SET SCHEMA PUBLIC
INSERT INTO EVENT VALUES('scsmbstgrc',TRUE,8,NULL,NULL)
COMMIT
/*C446*/SET SCHEMA PUBLIC
INSERT INTO EVENT VALUES('scsmbstgra',TRUE,5,'12345','APPLICATION_LOG')
COMMIT
/*C445*/DISCONNECT
/*C446*/DISCONNECT
/*C447*/DISCONNECT
/*C448*/SET SCHEMA PUBLIC
DISCONNECT
/*C449*/SET SCHEMA PUBLIC
DISCONNECT
/*C450*/SET SCHEMA PUBLIC
DISCONNECT
/*C451*/SET SCHEMA PUBLIC
DISCONNECT
/*C452*/SET SCHEMA PUBLIC
DISCONNECT
/*C453*/SET SCHEMA PUBLIC
DISCONNECT
/*C454*/SET SCHEMA PUBLIC
DISCONNECT
/*C455*/SET SCHEMA PUBLIC
drop table event if exists
create table event (event_id varchar(255) not null, alert boolean not null, event_duration bigint not null, host varchar(255), type varchar(255), primary key (event_id))
/*C457*/SET SCHEMA PUBLIC
INSERT INTO EVENT VALUES('scsmbstgrb',FALSE,3,NULL,NULL)
COMMIT
/*C456*/SET SCHEMA PUBLIC
INSERT INTO EVENT VALUES('scsmbstgrc',TRUE,8,NULL,NULL)
COMMIT
/*C455*/INSERT INTO EVENT VALUES('scsmbstgra',TRUE,5,'12345','APPLICATION_LOG')
COMMIT
DISCONNECT
/*C456*/DISCONNECT
/*C457*/DISCONNECT
/*C458*/SET SCHEMA PUBLIC
DISCONNECT
/*C459*/SET SCHEMA PUBLIC
DISCONNECT
/*C460*/SET SCHEMA PUBLIC
DISCONNECT
/*C461*/SET SCHEMA PUBLIC
DISCONNECT
/*C462*/SET SCHEMA PUBLIC
DISCONNECT
/*C463*/SET SCHEMA PUBLIC
DISCONNECT
/*C464*/SET SCHEMA PUBLIC
DISCONNECT
/*C465*/SET SCHEMA PUBLIC
drop table event if exists
create table event (event_id varchar(255) not null, alert boolean not null, event_duration bigint not null, host varchar(255), type varchar(255), primary key (event_id))
/*C467*/SET SCHEMA PUBLIC
INSERT INTO EVENT VALUES('scsmbstgrc',TRUE,8,NULL,NULL)
COMMIT
/*C465*/INSERT INTO EVENT VALUES('scsmbstgrb',FALSE,3,NULL,NULL)
COMMIT
/*C466*/SET SCHEMA PUBLIC
INSERT INTO EVENT VALUES('scsmbstgra',TRUE,5,'12345','APPLICATION_LOG')
COMMIT
/*C465*/DISCONNECT
/*C466*/DISCONNECT
/*C467*/DISCONNECT
/*C468*/SET SCHEMA PUBLIC
DISCONNECT
/*C469*/SET SCHEMA PUBLIC
DISCONNECT
/*C470*/SET SCHEMA PUBLIC
DISCONNECT
/*C471*/SET SCHEMA PUBLIC
DISCONNECT
/*C472*/SET SCHEMA PUBLIC
DISCONNECT
/*C473*/SET SCHEMA PUBLIC
DISCONNECT
/*C474*/SET SCHEMA PUBLIC
DISCONNECT
/*C475*/SET SCHEMA PUBLIC
drop table event if exists
create table event (event_id varchar(255) not null, alert boolean not null, event_duration bigint not null, host varchar(255), type varchar(255), primary key (event_id))
DISCONNECT
/*C476*/SET SCHEMA PUBLIC
DISCONNECT
/*C477*/SET SCHEMA PUBLIC
DISCONNECT
/*C478*/SET SCHEMA PUBLIC
DISCONNECT
/*C479*/SET SCHEMA PUBLIC
DISCONNECT
/*C480*/SET SCHEMA PUBLIC
DISCONNECT
/*C481*/SET SCHEMA PUBLIC
DISCONNECT
/*C482*/SET SCHEMA PUBLIC
DISCONNECT
/*C483*/SET SCHEMA PUBLIC
DISCONNECT
/*C484*/SET SCHEMA PUBLIC
DISCONNECT
/*C485*/SET SCHEMA PUBLIC
drop table event if exists
create table event (event_id varchar(255) not null, alert boolean not null, event_duration bigint not null, host varchar(255), type varchar(255), primary key (event_id))
DISCONNECT
/*C486*/SET SCHEMA PUBLIC
DISCONNECT
/*C487*/SET SCHEMA PUBLIC
DISCONNECT
/*C488*/SET SCHEMA PUBLIC
DISCONNECT
/*C489*/SET SCHEMA PUBLIC
DISCONNECT
/*C490*/SET SCHEMA PUBLIC
DISCONNECT
/*C491*/SET SCHEMA PUBLIC
DISCONNECT
/*C492*/SET SCHEMA PUBLIC
DISCONNECT
/*C493*/SET SCHEMA PUBLIC
DISCONNECT
/*C494*/SET SCHEMA PUBLIC
DISCONNECT
/*C495*/SET SCHEMA PUBLIC
drop table event if exists
create table event (event_id varchar(255) not null, alert boolean not null, event_duration bigint not null, host varchar(255), type varchar(255), primary key (event_id))
/*C496*/SET SCHEMA PUBLIC
INSERT INTO EVENT VALUES('scsmbstgra',TRUE,5,'12345','APPLICATION_LOG')
COMMIT
/*C497*/SET SCHEMA PUBLIC
INSERT INTO EVENT VALUES('scsmbstgrb',FALSE,3,NULL,NULL)
COMMIT
/*C496*/INSERT INTO EVENT VALUES('scsmbstgrc',TRUE,8,NULL,NULL)
COMMIT
/*C495*/DISCONNECT
/*C496*/DISCONNECT
/*C497*/DISCONNECT
/*C498*/SET SCHEMA PUBLIC
DISCONNECT
/*C499*/SET SCHEMA PUBLIC
DISCONNECT
/*C500*/SET SCHEMA PUBLIC
DISCONNECT
/*C501*/SET SCHEMA PUBLIC
DISCONNECT
/*C502*/SET SCHEMA PUBLIC
DISCONNECT
/*C503*/SET SCHEMA PUBLIC
DISCONNECT
/*C504*/SET SCHEMA PUBLIC
DISCONNECT
/*C506*/SET SCHEMA PUBLIC
drop table event if exists
create table event (event_id varchar(255) not null, alert boolean not null, event_duration bigint not null, host varchar(255), type varchar(255), primary key (event_id))
DISCONNECT
/*C507*/SET SCHEMA PUBLIC
DISCONNECT
/*C508*/SET SCHEMA PUBLIC
DISCONNECT
/*C509*/SET SCHEMA PUBLIC
DISCONNECT
/*C510*/SET SCHEMA PUBLIC
DISCONNECT
/*C511*/SET SCHEMA PUBLIC
DISCONNECT
/*C512*/SET SCHEMA PUBLIC
DISCONNECT
/*C513*/SET SCHEMA PUBLIC
DISCONNECT
/*C514*/SET SCHEMA PUBLIC
DISCONNECT
/*C515*/SET SCHEMA PUBLIC
DISCONNECT
/*C516*/SET SCHEMA PUBLIC
drop table event if exists
create table event (event_id varchar(255) not null, alert boolean not null, event_duration bigint not null, host varchar(255), type varchar(255), primary key (event_id))
INSERT INTO EVENT VALUES('scsmbstgra',TRUE,5,'12345','APPLICATION_LOG')
COMMIT
/*C517*/SET SCHEMA PUBLIC
INSERT INTO EVENT VALUES('scsmbstgrc',TRUE,8,NULL,NULL)
COMMIT
/*C518*/SET SCHEMA PUBLIC
INSERT INTO EVENT VALUES('scsmbstgrb',FALSE,3,NULL,NULL)
COMMIT
/*C516*/DISCONNECT
/*C517*/DISCONNECT
/*C518*/DISCONNECT
/*C519*/SET SCHEMA PUBLIC
DISCONNECT
/*C520*/SET SCHEMA PUBLIC
DISCONNECT
/*C521*/SET SCHEMA PUBLIC
DISCONNECT
/*C522*/SET SCHEMA PUBLIC
DISCONNECT
/*C523*/SET SCHEMA PUBLIC
DISCONNECT
/*C524*/SET SCHEMA PUBLIC
DISCONNECT
/*C525*/SET SCHEMA PUBLIC
DISCONNECT
/*C526*/SET SCHEMA PUBLIC
drop table event if exists
create table event (event_id varchar(255) not null, alert boolean not null, event_duration bigint not null, host varchar(255), type varchar(255), primary key (event_id))
INSERT INTO EVENT VALUES('scsmbstgra',TRUE,5,'12345','APPLICATION_LOG')
COMMIT
/*C527*/SET SCHEMA PUBLIC
INSERT INTO EVENT VALUES('scsmbstgrb',FALSE,3,NULL,NULL)
COMMIT
/*C528*/SET SCHEMA PUBLIC
INSERT INTO EVENT VALUES('scsmbstgrc',TRUE,8,NULL,NULL)
COMMIT
/*C526*/DISCONNECT
/*C527*/DISCONNECT
/*C528*/DISCONNECT
/*C529*/SET SCHEMA PUBLIC
DISCONNECT
/*C530*/SET SCHEMA PUBLIC
DISCONNECT
/*C531*/SET SCHEMA PUBLIC
DISCONNECT
/*C532*/SET SCHEMA PUBLIC
DISCONNECT
/*C533*/SET SCHEMA PUBLIC
DISCONNECT
/*C534*/SET SCHEMA PUBLIC
DISCONNECT
/*C535*/SET SCHEMA PUBLIC
DISCONNECT
/*C536*/SET SCHEMA PUBLIC
drop table event if exists
create table event (event_id varchar(255) not null, alert boolean not null, event_duration bigint not null, host varchar(255), type varchar(255), primary key (event_id))
DISCONNECT
/*C537*/SET SCHEMA PUBLIC
DISCONNECT
/*C538*/SET SCHEMA PUBLIC
DISCONNECT
/*C539*/SET SCHEMA PUBLIC
DISCONNECT
/*C540*/SET SCHEMA PUBLIC
DISCONNECT
/*C541*/SET SCHEMA PUBLIC
DISCONNECT
/*C542*/SET SCHEMA PUBLIC
DISCONNECT
/*C543*/SET SCHEMA PUBLIC
DISCONNECT
/*C544*/SET SCHEMA PUBLIC
DISCONNECT
/*C545*/SET SCHEMA PUBLIC
DISCONNECT
/*C546*/SET SCHEMA PUBLIC
drop table event if exists
create table event (event_id varchar(255) not null, alert boolean not null, event_duration bigint not null, host varchar(255), type varchar(255), primary key (event_id))
/*C547*/SET SCHEMA PUBLIC
INSERT INTO EVENT VALUES('scsmbstgrc',TRUE,8,NULL,NULL)
COMMIT
/*C546*/INSERT INTO EVENT VALUES('scsmbstgra',TRUE,5,'12345','APPLICATION_LOG')
COMMIT
/*C548*/SET SCHEMA PUBLIC
INSERT INTO EVENT VALUES('scsmbstgrb',FALSE,3,NULL,NULL)
COMMIT
/*C546*/DISCONNECT
/*C547*/DISCONNECT
/*C548*/DISCONNECT
/*C549*/SET SCHEMA PUBLIC
DISCONNECT
/*C550*/SET SCHEMA PUBLIC
DISCONNECT
/*C551*/SET SCHEMA PUBLIC
DISCONNECT
/*C552*/SET SCHEMA PUBLIC
DISCONNECT
/*C553*/SET SCHEMA PUBLIC
DISCONNECT
/*C554*/SET SCHEMA PUBLIC
DISCONNECT
/*C555*/SET SCHEMA PUBLIC
DISCONNECT
/*C556*/SET SCHEMA PUBLIC
drop table event if exists
create table event (event_id varchar(255) not null, alert boolean not null, event_duration bigint not null, host varchar(255), type varchar(255), primary key (event_id))
DISCONNECT
/*C557*/SET SCHEMA PUBLIC
DISCONNECT
/*C558*/SET SCHEMA PUBLIC
DISCONNECT
/*C559*/SET SCHEMA PUBLIC
DISCONNECT
/*C560*/SET SCHEMA PUBLIC
DISCONNECT
/*C561*/SET SCHEMA PUBLIC
DISCONNECT
/*C562*/SET SCHEMA PUBLIC
DISCONNECT
/*C563*/SET SCHEMA PUBLIC
DISCONNECT
/*C564*/SET SCHEMA PUBLIC
DISCONNECT
/*C565*/SET SCHEMA PUBLIC
DISCONNECT
/*C566*/SET SCHEMA PUBLIC
drop table event if exists
create table event (event_id varchar(255) not null, alert boolean not null, event_duration bigint not null, host varchar(255), type varchar(255), primary key (event_id))
DISCONNECT
/*C567*/SET SCHEMA PUBLIC
DISCONNECT
/*C568*/SET SCHEMA PUBLIC
DISCONNECT
/*C569*/SET SCHEMA PUBLIC
DISCONNECT
/*C570*/SET SCHEMA PUBLIC
DISCONNECT
/*C571*/SET SCHEMA PUBLIC
DISCONNECT
/*C572*/SET SCHEMA PUBLIC
DISCONNECT
/*C573*/SET SCHEMA PUBLIC
DISCONNECT
/*C574*/SET SCHEMA PUBLIC
DISCONNECT
/*C575*/SET SCHEMA PUBLIC
DISCONNECT
/*C576*/SET SCHEMA PUBLIC
drop table event if exists
create table event (event_id varchar(255) not null, alert boolean not null, event_duration bigint not null, host varchar(255), type varchar(255), primary key (event_id))
DISCONNECT
/*C577*/SET SCHEMA PUBLIC
DISCONNECT
/*C578*/SET SCHEMA PUBLIC
DISCONNECT
/*C579*/SET SCHEMA PUBLIC
DISCONNECT
/*C580*/SET SCHEMA PUBLIC
DISCONNECT
/*C581*/SET SCHEMA PUBLIC
DISCONNECT
/*C582*/SET SCHEMA PUBLIC
DISCONNECT
/*C583*/SET SCHEMA PUBLIC
DISCONNECT
/*C584*/SET SCHEMA PUBLIC
DISCONNECT
/*C585*/SET SCHEMA PUBLIC
DISCONNECT
/*C586*/SET SCHEMA PUBLIC
drop table event if exists
create table event (event_id varchar(255) not null, alert boolean not null, event_duration bigint not null, host varchar(255), type varchar(255), primary key (event_id))
/*C588*/SET SCHEMA PUBLIC
INSERT INTO EVENT VALUES('scsmbstgrc',TRUE,8,NULL,NULL)
COMMIT
/*C586*/INSERT INTO EVENT VALUES('scsmbstgra',TRUE,5,'12345','APPLICATION_LOG')
COMMIT
/*C587*/SET SCHEMA PUBLIC
INSERT INTO EVENT VALUES('scsmbstgrb',FALSE,3,NULL,NULL)
COMMIT
/*C588*/DISCONNECT
/*C589*/SET SCHEMA PUBLIC
DISCONNECT
/*C590*/SET SCHEMA PUBLIC
DISCONNECT
/*C591*/SET SCHEMA PUBLIC
DISCONNECT
/*C592*/SET SCHEMA PUBLIC
DISCONNECT
/*C593*/SET SCHEMA PUBLIC
DISCONNECT
/*C587*/DISCONNECT
/*C594*/SET SCHEMA PUBLIC
DISCONNECT
/*C586*/DISCONNECT
/*C595*/SET SCHEMA PUBLIC
DISCONNECT
/*C596*/SET SCHEMA PUBLIC
drop table event if exists
create table event (event_id varchar(255) not null, alert boolean not null, event_duration bigint not null, host varchar(255), type varchar(255), primary key (event_id))
DISCONNECT
/*C597*/SET SCHEMA PUBLIC
DISCONNECT
/*C598*/SET SCHEMA PUBLIC
DISCONNECT
/*C599*/SET SCHEMA PUBLIC
DISCONNECT
/*C600*/SET SCHEMA PUBLIC
DISCONNECT
/*C601*/SET SCHEMA PUBLIC
DISCONNECT
/*C602*/SET SCHEMA PUBLIC
DISCONNECT
/*C603*/SET SCHEMA PUBLIC
DISCONNECT
/*C604*/SET SCHEMA PUBLIC
DISCONNECT
/*C605*/SET SCHEMA PUBLIC
DISCONNECT
/*C606*/SET SCHEMA PUBLIC
drop table event if exists
create table event (event_id varchar(255) not null, alert boolean not null, event_duration bigint not null, host varchar(255), type varchar(255), primary key (event_id))
INSERT INTO EVENT VALUES('scsmbstgrc',TRUE,8,NULL,NULL)
COMMIT
/*C608*/SET SCHEMA PUBLIC
INSERT INTO EVENT VALUES('scsmbstgrb',FALSE,3,NULL,NULL)
COMMIT
/*C607*/SET SCHEMA PUBLIC
INSERT INTO EVENT VALUES('scsmbstgra',TRUE,5,'12345','APPLICATION_LOG')
COMMIT
/*C606*/DISCONNECT
/*C607*/DISCONNECT
/*C608*/DISCONNECT
/*C609*/SET SCHEMA PUBLIC
DISCONNECT
/*C610*/SET SCHEMA PUBLIC
DISCONNECT
/*C611*/SET SCHEMA PUBLIC
DISCONNECT
/*C612*/SET SCHEMA PUBLIC
DISCONNECT
/*C613*/SET SCHEMA PUBLIC
DISCONNECT
/*C614*/SET SCHEMA PUBLIC
DISCONNECT
/*C615*/SET SCHEMA PUBLIC
DISCONNECT
